<?xml version="1.0" encoding="UTF-8"?>
<testng-results ignored="0" total="2" passed="2" failed="0" skipped="0">
  <reporter-output>
  </reporter-output>
  <suite started-at="2024-05-05T12:33:21 IST" name="Default suite" finished-at="2024-05-05T12:34:20 IST" duration-ms="58095">
    <groups>
    </groups>
    <test started-at="2024-05-05T12:33:21 IST" name="Default test" finished-at="2024-05-05T12:34:20 IST" duration-ms="58095">
      <class name="testPages.AddLessons_Test">
        <test-method is-config="true" signature="setupMethod()[pri:0, instance:testPages.AddLessons_Test@3e58d65e]" started-at="2024-05-05T12:33:22 IST" name="setupMethod" finished-at="2024-05-05T12:33:34 IST" duration-ms="12570" status="PASS">
          <reporter-output>
          </reporter-output>
        </test-method> <!-- setupMethod -->
        <test-method signature="addlesson(java.lang.Object)[pri:0, instance:testPages.AddLessons_Test@3e58d65e]" started-at="2024-05-05T12:33:34 IST" name="addlesson" data-provider="getData" finished-at="2024-05-05T12:33:53 IST" duration-ms="19337" status="PASS">
          <params>
            <param index="0">
              <value>
                <![CDATA[{Course=SOFTWARE ENGINEERING, Content=Java, Lesson Name=Electronics}]]>
              </value>
            </param>
          </params>
          <reporter-output>
          </reporter-output>
        </test-method> <!-- addlesson -->
        <test-method is-config="true" signature="cleanUp()[pri:0, instance:testPages.AddLessons_Test@3e58d65e]" started-at="2024-05-05T12:33:54 IST" name="cleanUp" finished-at="2024-05-05T12:33:54 IST" duration-ms="265" status="PASS">
          <reporter-output>
          </reporter-output>
        </test-method> <!-- cleanUp -->
        <test-method is-config="true" signature="setupMethod()[pri:0, instance:testPages.AddLessons_Test@3e58d65e]" started-at="2024-05-05T12:33:54 IST" name="setupMethod" finished-at="2024-05-05T12:34:01 IST" duration-ms="7402" status="PASS">
          <reporter-output>
          </reporter-output>
        </test-method> <!-- setupMethod -->
        <test-method signature="addlesson(java.lang.Object)[pri:0, instance:testPages.AddLessons_Test@3e58d65e]" started-at="2024-05-05T12:34:01 IST" name="addlesson" data-provider="getData" finished-at="2024-05-05T12:34:19 IST" duration-ms="18168" status="PASS">
          <params>
            <param index="0">
              <value>
                <![CDATA[{Course=Testing, Content=abc, Lesson Name=xyz}]]>
              </value>
            </param>
          </params>
          <reporter-output>
          </reporter-output>
        </test-method> <!-- addlesson -->
        <test-method is-config="true" signature="cleanUp()[pri:0, instance:testPages.AddLessons_Test@3e58d65e]" started-at="2024-05-05T12:34:19 IST" name="cleanUp" finished-at="2024-05-05T12:34:20 IST" duration-ms="231" status="PASS">
          <reporter-output>
          </reporter-output>
        </test-method> <!-- cleanUp -->
      </class> <!-- testPages.AddLessons_Test -->
    </test> <!-- Default test -->
  </suite> <!-- Default suite -->
</testng-results>
